# JRE version: Java(TM) SE Runtime Environment (8.0_60-b27) (build 1.8.0_60-b27)
# Java VM: Java HotSpot(TM) 64-Bit Server VM (25.60-b23 mixed mode linux-amd64 compressed oops)
Heap:
 PSYoungGen      total 134144K, used 8677K [0x00000000eb980000, 0x00000000fc780000, 0x0000000100000000)
  eden space 125440K, 0% used [0x00000000eb980000,0x00000000eb980000,0x00000000f3400000)
  from space 8704K, 99% used [0x00000000f3400000,0x00000000f3c797a8,0x00000000f3c80000)
  to   space 12800K, 0% used [0x00000000fbb00000,0x00000000fbb00000,0x00000000fc780000)
 ParOldGen       total 42496K, used 15883K [0x00000000c2c00000, 0x00000000c5580000, 0x00000000eb980000)
  object space 42496K, 37% used [0x00000000c2c00000,0x00000000c3b82d00,0x00000000c5580000)
 Metaspace       used 20672K, capacity 21126K, committed 21296K, reserved 1069056K
  class space    used 2449K, capacity 2602K, committed 2688K, reserved 1048576K
GC Heap History (10 events):
Event: 7,114 GC heap after
Heap after GC invocations=3 (full 0):
 PSYoungGen      total 34304K, used 2544K [0x00000000eb980000, 0x00000000efc80000, 0x0000000100000000)
  eden space 31744K, 0% used [0x00000000eb980000,0x00000000eb980000,0x00000000ed880000)
  from space 2560K, 99% used [0x00000000ed880000,0x00000000edafc010,0x00000000edb00000)
  to   space 2560K, 0% used [0x00000000efa00000,0x00000000efa00000,0x00000000efc80000)
 ParOldGen       total 42496K, used 4966K [0x00000000c2c00000, 0x00000000c5580000, 0x00000000eb980000)
  object space 42496K, 11% used [0x00000000c2c00000,0x00000000c30d9b30,0x00000000c5580000)
 Metaspace       used 12911K, capacity 13264K, committed 13568K, reserved 1060864K
  class space    used 1590K, capacity 1691K, committed 1792K, reserved 1048576K
}
Event: 8,988 GC heap before
{Heap before GC invocations=4 (full 0):
 PSYoungGen      total 34304K, used 34288K [0x00000000eb980000, 0x00000000efc80000, 0x0000000100000000)
  eden space 31744K, 100% used [0x00000000eb980000,0x00000000ed880000,0x00000000ed880000)
  from space 2560K, 99% used [0x00000000ed880000,0x00000000edafc010,0x00000000edb00000)
  to   space 2560K, 0% used [0x00000000efa00000,0x00000000efa00000,0x00000000efc80000)
 ParOldGen       total 42496K, used 4966K [0x00000000c2c00000, 0x00000000c5580000, 0x00000000eb980000)
  object space 42496K, 11% used [0x00000000c2c00000,0x00000000c30d9b30,0x00000000c5580000)
 Metaspace       used 13871K, capacity 14230K, committed 14464K, reserved 1062912K
  class space    used 1688K, capacity 1795K, committed 1920K, reserved 1048576K
Event: 9,014 GC heap after
Heap after GC invocations=4 (full 0):
 PSYoungGen      total 66048K, used 2528K [0x00000000eb980000, 0x00000000efc80000, 0x0000000100000000)
  eden space 63488K, 0% used [0x00000000eb980000,0x00000000eb980000,0x00000000ef780000)
  from space 2560K, 98% used [0x00000000efa00000,0x00000000efc78020,0x00000000efc80000)
  to   space 2560K, 0% used [0x00000000ef780000,0x00000000ef780000,0x00000000efa00000)
 ParOldGen       total 42496K, used 7504K [0x00000000c2c00000, 0x00000000c5580000, 0x00000000eb980000)
  object space 42496K, 17% used [0x00000000c2c00000,0x00000000c3354320,0x00000000c5580000)
 Metaspace       used 13871K, capacity 14230K, committed 14464K, reserved 1062912K
  class space    used 1688K, capacity 1795K, committed 1920K, reserved 1048576K
}
Event: 11,558 GC heap before
{Heap before GC invocations=5 (full 0):
 PSYoungGen      total 66048K, used 66016K [0x00000000eb980000, 0x00000000efc80000, 0x0000000100000000)
  eden space 63488K, 100% used [0x00000000eb980000,0x00000000ef780000,0x00000000ef780000)
  from space 2560K, 98% used [0x00000000efa00000,0x00000000efc78020,0x00000000efc80000)
  to   space 2560K, 0% used [0x00000000ef780000,0x00000000ef780000,0x00000000efa00000)
 ParOldGen       total 42496K, used 7504K [0x00000000c2c00000, 0x00000000c5580000, 0x00000000eb980000)
  object space 42496K, 17% used [0x00000000c2c00000,0x00000000c3354320,0x00000000c5580000)
 Metaspace       used 14282K, capacity 14614K, committed 14976K, reserved 1062912K
  class space    used 1692K, capacity 1795K, committed 1920K, reserved 1048576K
Event: 11,590 GC heap after
Heap after GC invocations=5 (full 0):
 PSYoungGen      total 66048K, used 2544K [0x00000000eb980000, 0x00000000f4380000, 0x0000000100000000)
  eden space 63488K, 0% used [0x00000000eb980000,0x00000000eb980000,0x00000000ef780000)
  from space 2560K, 99% used [0x00000000ef780000,0x00000000ef9fc010,0x00000000efa00000)
  to   space 7168K, 0% used [0x00000000f3c80000,0x00000000f3c80000,0x00000000f4380000)
 ParOldGen       total 42496K, used 10164K [0x00000000c2c00000, 0x00000000c5580000, 0x00000000eb980000)
  object space 42496K, 23% used [0x00000000c2c00000,0x00000000c35ed360,0x00000000c5580000)
 Metaspace       used 14282K, capacity 14614K, committed 14976K, reserved 1062912K
  class space    used 1692K, capacity 1795K, committed 1920K, reserved 1048576K
}
Event: 14,483 GC heap before
{Heap before GC invocations=6 (full 0):
 PSYoungGen      total 66048K, used 66032K [0x00000000eb980000, 0x00000000f4380000, 0x0000000100000000)
  eden space 63488K, 100% used [0x00000000eb980000,0x00000000ef780000,0x00000000ef780000)
  from space 2560K, 99% used [0x00000000ef780000,0x00000000ef9fc010,0x00000000efa00000)
  to   space 7168K, 0% used [0x00000000f3c80000,0x00000000f3c80000,0x00000000f4380000)
 ParOldGen       total 42496K, used 10164K [0x00000000c2c00000, 0x00000000c5580000, 0x00000000eb980000)
  object space 42496K, 23% used [0x00000000c2c00000,0x00000000c35ed360,0x00000000c5580000)
 Metaspace       used 19099K, capacity 19536K, committed 19712K, reserved 1067008K
  class space    used 2302K, capacity 2436K, committed 2560K, reserved 1048576K
Event: 14,536 GC heap after
Heap after GC invocations=6 (full 0):
 PSYoungGen      total 132608K, used 7152K [0x00000000eb980000, 0x00000000f4680000, 0x0000000100000000)
  eden space 125440K, 0% used [0x00000000eb980000,0x00000000eb980000,0x00000000f3400000)
  from space 7168K, 99% used [0x00000000f3c80000,0x00000000f437c040,0x00000000f4380000)
  to   space 8704K, 0% used [0x00000000f3400000,0x00000000f3400000,0x00000000f3c80000)
 ParOldGen       total 42496K, used 10172K [0x00000000c2c00000, 0x00000000c5580000, 0x00000000eb980000)
  object space 42496K, 23% used [0x00000000c2c00000,0x00000000c35ef360,0x00000000c5580000)
 Metaspace       used 19099K, capacity 19536K, committed 19712K, reserved 1067008K
  class space    used 2302K, capacity 2436K, committed 2560K, reserved 1048576K
}
Event: 16,616 GC heap before
{Heap before GC invocations=7 (full 0):
 PSYoungGen      total 132608K, used 66675K [0x00000000eb980000, 0x00000000f4680000, 0x0000000100000000)
  eden space 125440K, 47% used [0x00000000eb980000,0x00000000ef3a0ec8,0x00000000f3400000)
  from space 7168K, 99% used [0x00000000f3c80000,0x00000000f437c040,0x00000000f4380000)
  to   space 8704K, 0% used [0x00000000f3400000,0x00000000f3400000,0x00000000f3c80000)
 ParOldGen       total 42496K, used 10172K [0x00000000c2c00000, 0x00000000c5580000, 0x00000000eb980000)
  object space 42496K, 23% used [0x00000000c2c00000,0x00000000c35ef360,0x00000000c5580000)
 Metaspace       used 20672K, capacity 21126K, committed 21296K, reserved 1069056K
  class space    used 2449K, capacity 2602K, committed 2688K, reserved 1048576K
Event: 16,701 GC heap after
Heap after GC invocations=7 (full 0):
 PSYoungGen      total 134144K, used 8677K [0x00000000eb980000, 0x00000000fc780000, 0x0000000100000000)
  eden space 125440K, 0% used [0x00000000eb980000,0x00000000eb980000,0x00000000f3400000)
  from space 8704K, 99% used [0x00000000f3400000,0x00000000f3c797a8,0x00000000f3c80000)
  to   space 12800K, 0% used [0x00000000fbb00000,0x00000000fbb00000,0x00000000fc780000)
 ParOldGen       total 42496K, used 15883K [0x00000000c2c00000, 0x00000000c5580000, 0x00000000eb980000)
  object space 42496K, 37% used [0x00000000c2c00000,0x00000000c3b82d00,0x00000000c5580000)
 Metaspace       used 20672K, capacity 21126K, committed 21296K, reserved 1069056K
  class space    used 2449K, capacity 2602K, committed 2688K, reserved 1048576K
}
Event: 16,701 GC heap before
{Heap before GC invocations=8 (full 1):
 PSYoungGen      total 134144K, used 8677K [0x00000000eb980000, 0x00000000fc780000, 0x0000000100000000)
  eden space 125440K, 0% used [0x00000000eb980000,0x00000000eb980000,0x00000000f3400000)
  from space 8704K, 99% used [0x00000000f3400000,0x00000000f3c797a8,0x00000000f3c80000)
  to   space 12800K, 0% used [0x00000000fbb00000,0x00000000fbb00000,0x00000000fc780000)
 ParOldGen       total 42496K, used 15883K [0x00000000c2c00000, 0x00000000c5580000, 0x00000000eb980000)
  object space 42496K, 37% used [0x00000000c2c00000,0x00000000c3b82d00,0x00000000c5580000)
 Metaspace       used 20672K, capacity 21126K, committed 21296K, reserved 1069056K
  class space    used 2449K, capacity 2602K, committed 2688K, reserved 1048576K

